<?xml version="1.0" encoding="UTF-8"?>
<testsuite xmlns:xsi="http://www.w3.org/2001/XMLSchema-instance" xsi:noNamespaceSchemaLocation="https://maven.apache.org/surefire/maven-surefire-plugin/xsd/surefire-test-report.xsd" name="rukovoditel.cz.AppTest" time="117.383" tests="7" errors="0" skipped="0" failures="0">
  <properties>
[...]
</properties>
  <testcase name="Create_seven_tasks" classname="rukovoditel.cz.AppTest" time="32.514"/>
  <testcase name="Logged_user_exit" classname="rukovoditel.cz.AppTest" time="12.086"/>
  <testcase name="Project_without_name" classname="rukovoditel.cz.AppTest" time="13.483"/>
  <testcase name="New_project_test" classname="rukovoditel.cz.AppTest" time="16.838"/>
  <testcase name="Login_invalid_password" classname="rukovoditel.cz.AppTest" time="11.075"/>
  <testcase name="Login_valid_test" classname="rukovoditel.cz.AppTest" time="11.58"/>
  <testcase name="Create_one_task" classname="rukovoditel.cz.AppTest" time="19.69"/>
</testsuite>